Determining if the Q_WS_WIN exist failed with the following output:
Change Dir: /home/shubham00/catkin_ws/src/ssl-vision/build/CMakeFiles/CMakeTmp

Run Build Command:"/usr/bin/make" "cmTryCompileExec3932697245/fast"
make[1]: Entering directory `/home/shubham00/catkin_ws/src/ssl-vision/build/CMakeFiles/CMakeTmp'
/usr/bin/make -f CMakeFiles/cmTryCompileExec3932697245.dir/build.make CMakeFiles/cmTryCompileExec3932697245.dir/build
make[2]: Entering directory `/home/shubham00/catkin_ws/src/ssl-vision/build/CMakeFiles/CMakeTmp'
/usr/bin/cmake -E cmake_progress_report /home/shubham00/catkin_ws/src/ssl-vision/build/CMakeFiles/CMakeTmp/CMakeFiles 1
Building CXX object CMakeFiles/cmTryCompileExec3932697245.dir/CheckSymbolExists.cxx.o
/usr/bin/c++    -I/usr/include/qt4    -o CMakeFiles/cmTryCompileExec3932697245.dir/CheckSymbolExists.cxx.o -c /home/shubham00/catkin_ws/src/ssl-vision/build/CMakeFiles/CMakeTmp/CheckSymbolExists.cxx
/home/shubham00/catkin_ws/src/ssl-vision/build/CMakeFiles/CMakeTmp/CheckSymbolExists.cxx: In function ‘int main(int, char**)’:
/home/shubham00/catkin_ws/src/ssl-vision/build/CMakeFiles/CMakeTmp/CheckSymbolExists.cxx:8:19: error: ‘Q_WS_WIN’ was not declared in this scope
   return ((int*)(&Q_WS_WIN))[argc];
                   ^
make[2]: *** [CMakeFiles/cmTryCompileExec3932697245.dir/CheckSymbolExists.cxx.o] Error 1
make[2]: Leaving directory `/home/shubham00/catkin_ws/src/ssl-vision/build/CMakeFiles/CMakeTmp'
make[1]: Leaving directory `/home/shubham00/catkin_ws/src/ssl-vision/build/CMakeFiles/CMakeTmp'
make[1]: *** [cmTryCompileExec3932697245/fast] Error 2

File /home/shubham00/catkin_ws/src/ssl-vision/build/CMakeFiles/CMakeTmp/CheckSymbolExists.cxx:
/* */
#include <QtCore/qglobal.h>

int main(int argc, char** argv)
{
  (void)argv;
#ifndef Q_WS_WIN
  return ((int*)(&Q_WS_WIN))[argc];
#else
  (void)argc;
  return 0;
#endif
}

Determining if the Q_WS_QWS exist failed with the following output:
Change Dir: /home/shubham00/catkin_ws/src/ssl-vision/build/CMakeFiles/CMakeTmp

Run Build Command:"/usr/bin/make" "cmTryCompileExec564062167/fast"
make[1]: Entering directory `/home/shubham00/catkin_ws/src/ssl-vision/build/CMakeFiles/CMakeTmp'
/usr/bin/make -f CMakeFiles/cmTryCompileExec564062167.dir/build.make CMakeFiles/cmTryCompileExec564062167.dir/build
make[2]: Entering directory `/home/shubham00/catkin_ws/src/ssl-vision/build/CMakeFiles/CMakeTmp'
/usr/bin/cmake -E cmake_progress_report /home/shubham00/catkin_ws/src/ssl-vision/build/CMakeFiles/CMakeTmp/CMakeFiles 1
Building CXX object CMakeFiles/cmTryCompileExec564062167.dir/CheckSymbolExists.cxx.o
/usr/bin/c++    -I/usr/include/qt4    -o CMakeFiles/cmTryCompileExec564062167.dir/CheckSymbolExists.cxx.o -c /home/shubham00/catkin_ws/src/ssl-vision/build/CMakeFiles/CMakeTmp/CheckSymbolExists.cxx
/home/shubham00/catkin_ws/src/ssl-vision/build/CMakeFiles/CMakeTmp/CheckSymbolExists.cxx: In function ‘int main(int, char**)’:
/home/shubham00/catkin_ws/src/ssl-vision/build/CMakeFiles/CMakeTmp/CheckSymbolExists.cxx:8:19: error: ‘Q_WS_QWS’ was not declared in this scope
   return ((int*)(&Q_WS_QWS))[argc];
                   ^
make[2]: Leaving directory `/home/shubham00/catkin_ws/src/ssl-vision/build/CMakeFiles/CMakeTmp'
make[2]: *** [CMakeFiles/cmTryCompileExec564062167.dir/CheckSymbolExists.cxx.o] Error 1
make[1]: *** [cmTryCompileExec564062167/fast] Error 2
make[1]: Leaving directory `/home/shubham00/catkin_ws/src/ssl-vision/build/CMakeFiles/CMakeTmp'

File /home/shubham00/catkin_ws/src/ssl-vision/build/CMakeFiles/CMakeTmp/CheckSymbolExists.cxx:
/* */
#include <QtCore/qglobal.h>

int main(int argc, char** argv)
{
  (void)argv;
#ifndef Q_WS_QWS
  return ((int*)(&Q_WS_QWS))[argc];
#else
  (void)argc;
  return 0;
#endif
}

Determining if the Q_WS_MAC exist failed with the following output:
Change Dir: /home/shubham00/catkin_ws/src/ssl-vision/build/CMakeFiles/CMakeTmp

Run Build Command:"/usr/bin/make" "cmTryCompileExec3009741539/fast"
make[1]: Entering directory `/home/shubham00/catkin_ws/src/ssl-vision/build/CMakeFiles/CMakeTmp'
/usr/bin/make -f CMakeFiles/cmTryCompileExec3009741539.dir/build.make CMakeFiles/cmTryCompileExec3009741539.dir/build
make[2]: Entering directory `/home/shubham00/catkin_ws/src/ssl-vision/build/CMakeFiles/CMakeTmp'
/usr/bin/cmake -E cmake_progress_report /home/shubham00/catkin_ws/src/ssl-vision/build/CMakeFiles/CMakeTmp/CMakeFiles 1
Building CXX object CMakeFiles/cmTryCompileExec3009741539.dir/CheckSymbolExists.cxx.o
/usr/bin/c++    -I/usr/include/qt4    -o CMakeFiles/cmTryCompileExec3009741539.dir/CheckSymbolExists.cxx.o -c /home/shubham00/catkin_ws/src/ssl-vision/build/CMakeFiles/CMakeTmp/CheckSymbolExists.cxx
/home/shubham00/catkin_ws/src/ssl-vision/build/CMakeFiles/CMakeTmp/CheckSymbolExists.cxx: In function ‘int main(int, char**)’:
/home/shubham00/catkin_ws/src/ssl-vision/build/CMakeFiles/CMakeTmp/CheckSymbolExists.cxx:8:19: error: ‘Q_WS_MAC’ was not declared in this scope
   return ((int*)(&Q_WS_MAC))[argc];
                   ^
make[2]: Leaving directory `/home/shubham00/catkin_ws/src/ssl-vision/build/CMakeFiles/CMakeTmp'
make[2]: *** [CMakeFiles/cmTryCompileExec3009741539.dir/CheckSymbolExists.cxx.o] Error 1
make[1]: Leaving directory `/home/shubham00/catkin_ws/src/ssl-vision/build/CMakeFiles/CMakeTmp'
make[1]: *** [cmTryCompileExec3009741539/fast] Error 2

File /home/shubham00/catkin_ws/src/ssl-vision/build/CMakeFiles/CMakeTmp/CheckSymbolExists.cxx:
/* */
#include <QtCore/qglobal.h>

int main(int argc, char** argv)
{
  (void)argv;
#ifndef Q_WS_MAC
  return ((int*)(&Q_WS_MAC))[argc];
#else
  (void)argc;
  return 0;
#endif
}

