Determining if the Q_WS_WIN exist failed with the following output:
Change Dir: /home/ss/robocup/src/tenp/vartypes-0.7/build/CMakeFiles/CMakeTmp

Run Build Command:"/usr/bin/make" "cmTC_cb268/fast"
/usr/bin/make -f CMakeFiles/cmTC_cb268.dir/build.make CMakeFiles/cmTC_cb268.dir/build
make[1]: Entering directory '/home/ss/robocup/src/tenp/vartypes-0.7/build/CMakeFiles/CMakeTmp'
Building CXX object CMakeFiles/cmTC_cb268.dir/CheckSymbolExists.cxx.o
/usr/bin/c++    -I/usr/include/qt4   -o CMakeFiles/cmTC_cb268.dir/CheckSymbolExists.cxx.o -c /home/ss/robocup/src/tenp/vartypes-0.7/build/CMakeFiles/CMakeTmp/CheckSymbolExists.cxx
/home/ss/robocup/src/tenp/vartypes-0.7/build/CMakeFiles/CMakeTmp/CheckSymbolExists.cxx: In function ‘int main(int, char**)’:
/home/ss/robocup/src/tenp/vartypes-0.7/build/CMakeFiles/CMakeTmp/CheckSymbolExists.cxx:8:19: error: ‘Q_WS_WIN’ was not declared in this scope
   return ((int*)(&Q_WS_WIN))[argc];
                   ^
CMakeFiles/cmTC_cb268.dir/build.make:65: recipe for target 'CMakeFiles/cmTC_cb268.dir/CheckSymbolExists.cxx.o' failed
make[1]: *** [CMakeFiles/cmTC_cb268.dir/CheckSymbolExists.cxx.o] Error 1
make[1]: Leaving directory '/home/ss/robocup/src/tenp/vartypes-0.7/build/CMakeFiles/CMakeTmp'
Makefile:126: recipe for target 'cmTC_cb268/fast' failed
make: *** [cmTC_cb268/fast] Error 2

File /home/ss/robocup/src/tenp/vartypes-0.7/build/CMakeFiles/CMakeTmp/CheckSymbolExists.cxx:
/* */
#include <QtCore/qglobal.h>

int main(int argc, char** argv)
{
  (void)argv;
#ifndef Q_WS_WIN
  return ((int*)(&Q_WS_WIN))[argc];
#else
  (void)argc;
  return 0;
#endif
}

Determining if the Q_WS_QWS exist failed with the following output:
Change Dir: /home/ss/robocup/src/tenp/vartypes-0.7/build/CMakeFiles/CMakeTmp

Run Build Command:"/usr/bin/make" "cmTC_1bed2/fast"
/usr/bin/make -f CMakeFiles/cmTC_1bed2.dir/build.make CMakeFiles/cmTC_1bed2.dir/build
make[1]: Entering directory '/home/ss/robocup/src/tenp/vartypes-0.7/build/CMakeFiles/CMakeTmp'
Building CXX object CMakeFiles/cmTC_1bed2.dir/CheckSymbolExists.cxx.o
/usr/bin/c++    -I/usr/include/qt4   -o CMakeFiles/cmTC_1bed2.dir/CheckSymbolExists.cxx.o -c /home/ss/robocup/src/tenp/vartypes-0.7/build/CMakeFiles/CMakeTmp/CheckSymbolExists.cxx
/home/ss/robocup/src/tenp/vartypes-0.7/build/CMakeFiles/CMakeTmp/CheckSymbolExists.cxx: In function ‘int main(int, char**)’:
/home/ss/robocup/src/tenp/vartypes-0.7/build/CMakeFiles/CMakeTmp/CheckSymbolExists.cxx:8:19: error: ‘Q_WS_QWS’ was not declared in this scope
   return ((int*)(&Q_WS_QWS))[argc];
                   ^
CMakeFiles/cmTC_1bed2.dir/build.make:65: recipe for target 'CMakeFiles/cmTC_1bed2.dir/CheckSymbolExists.cxx.o' failed
make[1]: *** [CMakeFiles/cmTC_1bed2.dir/CheckSymbolExists.cxx.o] Error 1
make[1]: Leaving directory '/home/ss/robocup/src/tenp/vartypes-0.7/build/CMakeFiles/CMakeTmp'
Makefile:126: recipe for target 'cmTC_1bed2/fast' failed
make: *** [cmTC_1bed2/fast] Error 2

File /home/ss/robocup/src/tenp/vartypes-0.7/build/CMakeFiles/CMakeTmp/CheckSymbolExists.cxx:
/* */
#include <QtCore/qglobal.h>

int main(int argc, char** argv)
{
  (void)argv;
#ifndef Q_WS_QWS
  return ((int*)(&Q_WS_QWS))[argc];
#else
  (void)argc;
  return 0;
#endif
}

Determining if the Q_WS_MAC exist failed with the following output:
Change Dir: /home/ss/robocup/src/tenp/vartypes-0.7/build/CMakeFiles/CMakeTmp

Run Build Command:"/usr/bin/make" "cmTC_53e7f/fast"
/usr/bin/make -f CMakeFiles/cmTC_53e7f.dir/build.make CMakeFiles/cmTC_53e7f.dir/build
make[1]: Entering directory '/home/ss/robocup/src/tenp/vartypes-0.7/build/CMakeFiles/CMakeTmp'
Building CXX object CMakeFiles/cmTC_53e7f.dir/CheckSymbolExists.cxx.o
/usr/bin/c++    -I/usr/include/qt4   -o CMakeFiles/cmTC_53e7f.dir/CheckSymbolExists.cxx.o -c /home/ss/robocup/src/tenp/vartypes-0.7/build/CMakeFiles/CMakeTmp/CheckSymbolExists.cxx
/home/ss/robocup/src/tenp/vartypes-0.7/build/CMakeFiles/CMakeTmp/CheckSymbolExists.cxx: In function ‘int main(int, char**)’:
/home/ss/robocup/src/tenp/vartypes-0.7/build/CMakeFiles/CMakeTmp/CheckSymbolExists.cxx:8:19: error: ‘Q_WS_MAC’ was not declared in this scope
   return ((int*)(&Q_WS_MAC))[argc];
                   ^
CMakeFiles/cmTC_53e7f.dir/build.make:65: recipe for target 'CMakeFiles/cmTC_53e7f.dir/CheckSymbolExists.cxx.o' failed
make[1]: *** [CMakeFiles/cmTC_53e7f.dir/CheckSymbolExists.cxx.o] Error 1
make[1]: Leaving directory '/home/ss/robocup/src/tenp/vartypes-0.7/build/CMakeFiles/CMakeTmp'
Makefile:126: recipe for target 'cmTC_53e7f/fast' failed
make: *** [cmTC_53e7f/fast] Error 2

File /home/ss/robocup/src/tenp/vartypes-0.7/build/CMakeFiles/CMakeTmp/CheckSymbolExists.cxx:
/* */
#include <QtCore/qglobal.h>

int main(int argc, char** argv)
{
  (void)argv;
#ifndef Q_WS_MAC
  return ((int*)(&Q_WS_MAC))[argc];
#else
  (void)argc;
  return 0;
#endif
}

