Determining if the pthread_create exist failed with the following output:
Change Dir: /home/ss/robocup/build/CMakeFiles/CMakeTmp

Run Build Command:"/usr/bin/make" "cmTC_04d62/fast"
/usr/bin/make -f CMakeFiles/cmTC_04d62.dir/build.make CMakeFiles/cmTC_04d62.dir/build
make[1]: Entering directory '/home/ss/robocup/build/CMakeFiles/CMakeTmp'
Building C object CMakeFiles/cmTC_04d62.dir/CheckSymbolExists.c.o
/usr/bin/cc     -o CMakeFiles/cmTC_04d62.dir/CheckSymbolExists.c.o   -c /home/ss/robocup/build/CMakeFiles/CMakeTmp/CheckSymbolExists.c
Linking C executable cmTC_04d62
/usr/bin/cmake -E cmake_link_script CMakeFiles/cmTC_04d62.dir/link.txt --verbose=1
/usr/bin/cc       CMakeFiles/cmTC_04d62.dir/CheckSymbolExists.c.o  -o cmTC_04d62 -rdynamic 
CMakeFiles/cmTC_04d62.dir/CheckSymbolExists.c.o: In function `main':
CheckSymbolExists.c:(.text+0x16): undefined reference to `pthread_create'
collect2: error: ld returned 1 exit status
CMakeFiles/cmTC_04d62.dir/build.make:97: recipe for target 'cmTC_04d62' failed
make[1]: *** [cmTC_04d62] Error 1
make[1]: Leaving directory '/home/ss/robocup/build/CMakeFiles/CMakeTmp'
Makefile:126: recipe for target 'cmTC_04d62/fast' failed
make: *** [cmTC_04d62/fast] Error 2

File /home/ss/robocup/build/CMakeFiles/CMakeTmp/CheckSymbolExists.c:
/* */
#include <pthread.h>

int main(int argc, char** argv)
{
  (void)argv;
#ifndef pthread_create
  return ((int*)(&pthread_create))[argc];
#else
  (void)argc;
  return 0;
#endif
}

Determining if the function pthread_create exists in the pthreads failed with the following output:
Change Dir: /home/ss/robocup/build/CMakeFiles/CMakeTmp

Run Build Command:"/usr/bin/make" "cmTC_955af/fast"
/usr/bin/make -f CMakeFiles/cmTC_955af.dir/build.make CMakeFiles/cmTC_955af.dir/build
make[1]: Entering directory '/home/ss/robocup/build/CMakeFiles/CMakeTmp'
Building C object CMakeFiles/cmTC_955af.dir/CheckFunctionExists.c.o
/usr/bin/cc    -DCHECK_FUNCTION_EXISTS=pthread_create   -o CMakeFiles/cmTC_955af.dir/CheckFunctionExists.c.o   -c /usr/share/cmake-3.5/Modules/CheckFunctionExists.c
Linking C executable cmTC_955af
/usr/bin/cmake -E cmake_link_script CMakeFiles/cmTC_955af.dir/link.txt --verbose=1
/usr/bin/cc   -DCHECK_FUNCTION_EXISTS=pthread_create    CMakeFiles/cmTC_955af.dir/CheckFunctionExists.c.o  -o cmTC_955af -rdynamic -lpthreads 
/usr/bin/ld: cannot find -lpthreads
collect2: error: ld returned 1 exit status
CMakeFiles/cmTC_955af.dir/build.make:97: recipe for target 'cmTC_955af' failed
make[1]: *** [cmTC_955af] Error 1
make[1]: Leaving directory '/home/ss/robocup/build/CMakeFiles/CMakeTmp'
Makefile:126: recipe for target 'cmTC_955af/fast' failed
make: *** [cmTC_955af/fast] Error 2


Determining if the Q_WS_WIN exist failed with the following output:
Change Dir: /home/ss/robocup/build/CMakeFiles/CMakeTmp

Run Build Command:"/usr/bin/make" "cmTC_42d21/fast"
/usr/bin/make -f CMakeFiles/cmTC_42d21.dir/build.make CMakeFiles/cmTC_42d21.dir/build
make[1]: Entering directory '/home/ss/robocup/build/CMakeFiles/CMakeTmp'
Building CXX object CMakeFiles/cmTC_42d21.dir/CheckSymbolExists.cxx.o
/usr/bin/c++    -I/usr/include/qt4   -o CMakeFiles/cmTC_42d21.dir/CheckSymbolExists.cxx.o -c /home/ss/robocup/build/CMakeFiles/CMakeTmp/CheckSymbolExists.cxx
/home/ss/robocup/build/CMakeFiles/CMakeTmp/CheckSymbolExists.cxx: In function ‘int main(int, char**)’:
/home/ss/robocup/build/CMakeFiles/CMakeTmp/CheckSymbolExists.cxx:8:19: error: ‘Q_WS_WIN’ was not declared in this scope
   return ((int*)(&Q_WS_WIN))[argc];
                   ^
CMakeFiles/cmTC_42d21.dir/build.make:65: recipe for target 'CMakeFiles/cmTC_42d21.dir/CheckSymbolExists.cxx.o' failed
make[1]: *** [CMakeFiles/cmTC_42d21.dir/CheckSymbolExists.cxx.o] Error 1
make[1]: Leaving directory '/home/ss/robocup/build/CMakeFiles/CMakeTmp'
Makefile:126: recipe for target 'cmTC_42d21/fast' failed
make: *** [cmTC_42d21/fast] Error 2

File /home/ss/robocup/build/CMakeFiles/CMakeTmp/CheckSymbolExists.cxx:
/* */
#include <QtCore/qglobal.h>

int main(int argc, char** argv)
{
  (void)argv;
#ifndef Q_WS_WIN
  return ((int*)(&Q_WS_WIN))[argc];
#else
  (void)argc;
  return 0;
#endif
}

Determining if the Q_WS_QWS exist failed with the following output:
Change Dir: /home/ss/robocup/build/CMakeFiles/CMakeTmp

Run Build Command:"/usr/bin/make" "cmTC_89dee/fast"
/usr/bin/make -f CMakeFiles/cmTC_89dee.dir/build.make CMakeFiles/cmTC_89dee.dir/build
make[1]: Entering directory '/home/ss/robocup/build/CMakeFiles/CMakeTmp'
Building CXX object CMakeFiles/cmTC_89dee.dir/CheckSymbolExists.cxx.o
/usr/bin/c++    -I/usr/include/qt4   -o CMakeFiles/cmTC_89dee.dir/CheckSymbolExists.cxx.o -c /home/ss/robocup/build/CMakeFiles/CMakeTmp/CheckSymbolExists.cxx
/home/ss/robocup/build/CMakeFiles/CMakeTmp/CheckSymbolExists.cxx: In function ‘int main(int, char**)’:
/home/ss/robocup/build/CMakeFiles/CMakeTmp/CheckSymbolExists.cxx:8:19: error: ‘Q_WS_QWS’ was not declared in this scope
   return ((int*)(&Q_WS_QWS))[argc];
                   ^
CMakeFiles/cmTC_89dee.dir/build.make:65: recipe for target 'CMakeFiles/cmTC_89dee.dir/CheckSymbolExists.cxx.o' failed
make[1]: *** [CMakeFiles/cmTC_89dee.dir/CheckSymbolExists.cxx.o] Error 1
make[1]: Leaving directory '/home/ss/robocup/build/CMakeFiles/CMakeTmp'
Makefile:126: recipe for target 'cmTC_89dee/fast' failed
make: *** [cmTC_89dee/fast] Error 2

File /home/ss/robocup/build/CMakeFiles/CMakeTmp/CheckSymbolExists.cxx:
/* */
#include <QtCore/qglobal.h>

int main(int argc, char** argv)
{
  (void)argv;
#ifndef Q_WS_QWS
  return ((int*)(&Q_WS_QWS))[argc];
#else
  (void)argc;
  return 0;
#endif
}

Determining if the Q_WS_MAC exist failed with the following output:
Change Dir: /home/ss/robocup/build/CMakeFiles/CMakeTmp

Run Build Command:"/usr/bin/make" "cmTC_54295/fast"
/usr/bin/make -f CMakeFiles/cmTC_54295.dir/build.make CMakeFiles/cmTC_54295.dir/build
make[1]: Entering directory '/home/ss/robocup/build/CMakeFiles/CMakeTmp'
Building CXX object CMakeFiles/cmTC_54295.dir/CheckSymbolExists.cxx.o
/usr/bin/c++    -I/usr/include/qt4   -o CMakeFiles/cmTC_54295.dir/CheckSymbolExists.cxx.o -c /home/ss/robocup/build/CMakeFiles/CMakeTmp/CheckSymbolExists.cxx
/home/ss/robocup/build/CMakeFiles/CMakeTmp/CheckSymbolExists.cxx: In function ‘int main(int, char**)’:
/home/ss/robocup/build/CMakeFiles/CMakeTmp/CheckSymbolExists.cxx:8:19: error: ‘Q_WS_MAC’ was not declared in this scope
   return ((int*)(&Q_WS_MAC))[argc];
                   ^
CMakeFiles/cmTC_54295.dir/build.make:65: recipe for target 'CMakeFiles/cmTC_54295.dir/CheckSymbolExists.cxx.o' failed
make[1]: *** [CMakeFiles/cmTC_54295.dir/CheckSymbolExists.cxx.o] Error 1
make[1]: Leaving directory '/home/ss/robocup/build/CMakeFiles/CMakeTmp'
Makefile:126: recipe for target 'cmTC_54295/fast' failed
make: *** [cmTC_54295/fast] Error 2

File /home/ss/robocup/build/CMakeFiles/CMakeTmp/CheckSymbolExists.cxx:
/* */
#include <QtCore/qglobal.h>

int main(int argc, char** argv)
{
  (void)argv;
#ifndef Q_WS_MAC
  return ((int*)(&Q_WS_MAC))[argc];
#else
  (void)argc;
  return 0;
#endif
}

